<?xml version="1.0" encoding="UTF-8"?>
<!-- Generated by org.testng.reporters.JUnitXMLReporter -->
<testsuite ignored="0" hostname="DESKTOP-NMO5UD7" failures="0" tests="3" name="FullTestCasesRunInParallel" time="14.722" errors="0" timestamp="2023-09-05T23:58:29 EEST">
  <testcase classname="com.selenium.testcases.Test1" name="FirstTest" time="3.123"/>
  <testcase classname="com.selenium.testcases.Test3" name="ThirdTest" time="3.665"/>
  <testcase classname="com.selenium.testcases.Test2" name="SecondTest" time="12.415"/>
</testsuite> <!-- FullTestCasesRunInParallel -->
