<?xml version="1.0" encoding="UTF-8"?>
<testng-results ignored="0" total="1" passed="1" failed="0" skipped="0">
  <reporter-output>
  </reporter-output>
  <suite started-at="2023-09-05T23:58:46 EEST" name="Default suite" finished-at="2023-09-05T23:59:00 EEST" duration-ms="14609">
    <groups>
    </groups>
    <test started-at="2023-09-05T23:58:46 EEST" name="Default test" finished-at="2023-09-05T23:59:00 EEST" duration-ms="14609">
      <class name="com.selenium.testcases.Test2">
        <test-method is-config="true" signature="Setup()[pri:0, instance:com.selenium.testcases.Test2@10cf09e8]" started-at="2023-09-05T23:58:46 EEST" name="Setup" finished-at="2023-09-05T23:58:47 EEST" duration-ms="1811" status="PASS">
          <reporter-output>
          </reporter-output>
        </test-method> <!-- Setup -->
        <test-method signature="SecondTest()[pri:0, instance:com.selenium.testcases.Test2@10cf09e8]" started-at="2023-09-05T23:58:48 EEST" name="SecondTest" finished-at="2023-09-05T23:59:00 EEST" duration-ms="12390" status="PASS">
          <reporter-output>
          </reporter-output>
        </test-method> <!-- SecondTest -->
        <test-method is-config="true" signature="TearDown()[pri:0, instance:com.selenium.testcases.Test2@10cf09e8]" started-at="2023-09-05T23:59:00 EEST" name="TearDown" finished-at="2023-09-05T23:59:00 EEST" duration-ms="317" status="PASS">
          <reporter-output>
          </reporter-output>
        </test-method> <!-- TearDown -->
      </class> <!-- com.selenium.testcases.Test2 -->
    </test> <!-- Default test -->
  </suite> <!-- Default suite -->
</testng-results>
